<?xml version="1.0" encoding="UTF-8"?>
<robot generator="Robot 7.0 (Python 3.12.2 on darwin)" generated="2024-06-26T22:42:02.893873" rpa="false" schemaversion="5">
<suite id="s1" name="Po" source="/Users/helena_czekster/Desktop/QA/Iterasys/Lista 13/tests/web/po">
<kw name="Obter Data e hora" owner="base_page" type="SETUP">
<kw name="Get Current Date" owner="DateTime">
<msg time="2024-06-26T22:42:03.081390" level="INFO">${date} = 2024-06-26 22:42:03.081</msg>
<var>${date}</var>
<doc>Returns current local or UTC time with an optional increment.</doc>
<status status="PASS" start="2024-06-26T22:42:03.081057" elapsed="0.003855"/>
</kw>
<kw name="Convert Date" owner="DateTime">
<msg time="2024-06-26T22:42:03.089701" level="INFO">${date} = 2024.06.26_22.42.03</msg>
<var>${date}</var>
<arg>${date}</arg>
<arg>result_format=%Y.%m.%d_%H.%M.%S</arg>
<doc>Converts between supported `date formats`.</doc>
<status status="PASS" start="2024-06-26T22:42:03.085341" elapsed="0.004612"/>
</kw>
<kw name="Set Global Variable" owner="BuiltIn">
<msg time="2024-06-26T22:42:03.090593" level="INFO">${date} = 2024.06.26_22.42.03</msg>
<msg time="2024-06-26T22:42:03.090790" level="INFO">${date} = None</msg>
<var>${date}</var>
<arg>${date}</arg>
<doc>Makes a variable available globally in all tests and suites.</doc>
<status status="PASS" start="2024-06-26T22:42:03.090233" elapsed="0.000671"/>
</kw>
<status status="PASS" start="2024-06-26T22:42:03.080257" elapsed="0.010824"/>
</kw>
<suite id="s1-s1" name="Fluxo Compras Po Ddt" source="/Users/helena_czekster/Desktop/QA/Iterasys/Lista 13/tests/web/po/fluxo_compras_po_ddt.robot">
<test id="s1-s1-t1" name="TC005" line="15">
<kw name="Abrir navegador" owner="base_page" type="SETUP">
<kw name="Register Keyword To Run On Failure" owner="SeleniumLibrary">
<msg time="2024-06-26T22:42:03.100611" level="INFO">Tirar Screenshot will be run on failure.</msg>
<arg>Tirar Screenshot</arg>
<doc>Sets the keyword to execute, when a SeleniumLibrary keyword fails.</doc>
<status status="PASS" start="2024-06-26T22:42:03.100246" elapsed="0.000573"/>
</kw>
<kw name="Open Browser" owner="SeleniumLibrary">
<msg time="2024-06-26T22:42:03.101480" level="INFO">Opening browser 'Chrome' to base url 'https://www.blazedemo.com/'.</msg>
<arg>url=${url}</arg>
<arg>browser=${browser}</arg>
<doc>Opens a new browser instance to the optional ``url``.</doc>
<status status="PASS" start="2024-06-26T22:42:03.101083" elapsed="3.365335"/>
</kw>
<kw name="Maximize Browser Window" owner="SeleniumLibrary">
<doc>Maximizes current browser window.</doc>
<status status="PASS" start="2024-06-26T22:42:06.469459" elapsed="0.334611"/>
</kw>
<kw name="Set Browser Implicit Wait" owner="SeleniumLibrary">
<arg>10000ms</arg>
<doc>Sets the implicit wait value used by Selenium.</doc>
<status status="PASS" start="2024-06-26T22:42:06.804391" elapsed="0.001667"/>
</kw>
<kw name="Wait Until Element Contains" owner="SeleniumLibrary">
<arg>css=body:nth-child(2) div.jumbotron:nth-child(2) div.container &gt; h1:nth-child(1)</arg>
<arg>Welcome to the Simple Travel Agency!</arg>
<doc>Waits until the element ``locator`` contains ``text``.</doc>
<status status="PASS" start="2024-06-26T22:42:06.806407" elapsed="0.037234"/>
</kw>
<status status="PASS" start="2024-06-26T22:42:03.099806" elapsed="3.744135"/>
</kw>
<kw name="Fluxo de Compras Voo Ida e Volta">
<kw name="Element Text Should Be" owner="SeleniumLibrary">
<msg time="2024-06-26T22:42:06.846034" level="INFO">Verifying element 'css=body:nth-child(2) div.jumbotron:nth-child(2) div.container &gt; h1:nth-child(1)' contains exact text 'Welcome to the Simple Travel Agency!'.</msg>
<arg>${mensagem_primeira_pagina}</arg>
<arg>Welcome to the Simple Travel Agency!</arg>
<doc>Verifies that element ``locator`` contains exact the text ``expected``.</doc>
<status status="PASS" start="2024-06-26T22:42:06.845579" elapsed="0.021530"/>
</kw>
<kw name="Tirar Screenshot" owner="base_page">
<kw name="Capture Page Screenshot" owner="SeleniumLibrary">
<msg time="2024-06-26T22:42:07.087812" level="INFO" html="true">&lt;/td&gt;&lt;/tr&gt;&lt;tr&gt;&lt;td colspan="3"&gt;&lt;a href="screenshots/blazedemo/2024.06.26_22.42.03/TC005/1-P%C3%A1gina%20inicial.jpg"&gt;&lt;img src="screenshots/blazedemo/2024.06.26_22.42.03/TC005/1-P%C3%A1gina%20inicial.jpg" width="800px"&gt;&lt;/a&gt;</msg>
<msg time="2024-06-26T22:42:07.088072" level="INFO">/Users/helena_czekster/Desktop/QA/Iterasys/Lista 13/.venv/lib/python3.12/site-packages/selenium/webdriver/remote/webdriver.py:829: UserWarning: name used for saved screenshot does not match file type. It should end with a `.png` extension
  return self.get_screenshot_as_file(filename)</msg>
<arg>screenshots/blazedemo/${date}/${TEST_NAME}/${screenshot_name}.jpg</arg>
<doc>Takes a screenshot of the current page and embeds it into a log file.</doc>
<status status="PASS" start="2024-06-26T22:42:06.867887" elapsed="0.220363"/>
</kw>
<arg>1-Página inicial</arg>
<status status="PASS" start="2024-06-26T22:42:06.867448" elapsed="0.220974"/>
</kw>
<kw name="Selecionar Cidade de Origem" owner="escolher_destino_page">
<kw name="Select From List By Value" owner="SeleniumLibrary">
<msg time="2024-06-26T22:42:07.089440" level="INFO">Selecting options from selection list 'name=fromPort' by value Portland.</msg>
<arg>${choose_departure_city}</arg>
<arg>${city_departure}</arg>
<doc>Selects options from selection list ``locator`` by ``values``.</doc>
<status status="PASS" start="2024-06-26T22:42:07.089109" elapsed="0.228178"/>
</kw>
<arg>${city_departure}</arg>
<status status="PASS" start="2024-06-26T22:42:07.088670" elapsed="0.228838"/>
</kw>
<kw name="Selecionar Cidade de Destino" owner="escolher_destino_page">
<kw name="Select From List By Value" owner="SeleniumLibrary">
<msg time="2024-06-26T22:42:07.318481" level="INFO">Selecting options from selection list 'name=toPort' by value Cairo.</msg>
<arg>${choose_destination_city}</arg>
<arg>${city_destination}</arg>
<doc>Selects options from selection list ``locator`` by ``values``.</doc>
<status status="PASS" start="2024-06-26T22:42:07.318171" elapsed="0.059806"/>
</kw>
<arg>${city_destination}</arg>
<status status="PASS" start="2024-06-26T22:42:07.317753" elapsed="0.060435"/>
</kw>
<kw name="Tirar Screenshot" owner="base_page">
<kw name="Capture Page Screenshot" owner="SeleniumLibrary">
<msg time="2024-06-26T22:42:07.610654" level="INFO" html="true">&lt;/td&gt;&lt;/tr&gt;&lt;tr&gt;&lt;td colspan="3"&gt;&lt;a href="screenshots/blazedemo/2024.06.26_22.42.03/TC005/2-Origem%20e%20destino.jpg"&gt;&lt;img src="screenshots/blazedemo/2024.06.26_22.42.03/TC005/2-Origem%20e%20destino.jpg" width="800px"&gt;&lt;/a&gt;</msg>
<arg>screenshots/blazedemo/${date}/${TEST_NAME}/${screenshot_name}.jpg</arg>
<doc>Takes a screenshot of the current page and embeds it into a log file.</doc>
<status status="PASS" start="2024-06-26T22:42:07.378811" elapsed="0.232166"/>
</kw>
<arg>2-Origem e destino</arg>
<status status="PASS" start="2024-06-26T22:42:07.378423" elapsed="0.232734"/>
</kw>
<kw name="Clicar no botao &quot;Find Flight&quot;" owner="escolher_destino_page">
<kw name="Click Button" owner="SeleniumLibrary">
<msg time="2024-06-26T22:42:07.612040" level="INFO">Clicking button 'css=body:nth-child(2) div.container:nth-child(3) form:nth-child(2) div.container:nth-child(6) &gt; input.btn.btn-primary'.</msg>
<arg>${btn_find_flights}</arg>
<doc>Clicks the button identified by ``locator``.</doc>
<status status="PASS" start="2024-06-26T22:42:07.611748" elapsed="0.463510"/>
</kw>
<status status="PASS" start="2024-06-26T22:42:07.611399" elapsed="0.464132"/>
</kw>
<kw name="Element Text Should Be" owner="SeleniumLibrary">
<msg time="2024-06-26T22:42:08.076869" level="INFO">Verifying element 'css=h3' contains exact text 'Flights from Portland to Cairo:'.</msg>
<arg>${mensagem_segunda_pagina}</arg>
<arg>Flights from ${city_departure} to ${city_destination}:</arg>
<doc>Verifies that element ``locator`` contains exact the text ``expected``.</doc>
<status status="PASS" start="2024-06-26T22:42:08.075949" elapsed="0.034160"/>
</kw>
<kw name="Tirar Screenshot" owner="base_page">
<kw name="Capture Page Screenshot" owner="SeleniumLibrary">
<msg time="2024-06-26T22:42:08.369211" level="INFO" html="true">&lt;/td&gt;&lt;/tr&gt;&lt;tr&gt;&lt;td colspan="3"&gt;&lt;a href="screenshots/blazedemo/2024.06.26_22.42.03/TC005/3-P%C3%A1gina%20escolher%20voo.jpg"&gt;&lt;img src="screenshots/blazedemo/2024.06.26_22.42.03/TC005/3-P%C3%A1gina%20escolher%20voo.jpg" width="800px"&gt;&lt;/a&gt;</msg>
<arg>screenshots/blazedemo/${date}/${TEST_NAME}/${screenshot_name}.jpg</arg>
<doc>Takes a screenshot of the current page and embeds it into a log file.</doc>
<status status="PASS" start="2024-06-26T22:42:08.111240" elapsed="0.258441"/>
</kw>
<arg>3-Página escolher voo</arg>
<status status="PASS" start="2024-06-26T22:42:08.110551" elapsed="0.259755"/>
</kw>
<kw name="Clicar no botao &quot;Choose This Flight&quot;" owner="escolher_voo_page">
<kw name="Click Button" owner="SeleniumLibrary">
<msg time="2024-06-26T22:42:08.372338" level="INFO">Clicking button 'css=div.container:nth-child(2) table.table:nth-child(2) tbody:nth-child(2) tr:nth-child(5) td:nth-child(2) &gt; input.btn.btn-small'.</msg>
<arg>${btn_choose_this_flight}</arg>
<doc>Clicks the button identified by ``locator``.</doc>
<status status="PASS" start="2024-06-26T22:42:08.371770" elapsed="0.539868"/>
</kw>
<status status="PASS" start="2024-06-26T22:42:08.370947" elapsed="0.540919"/>
</kw>
<kw name="Element Text Should Be" owner="SeleniumLibrary">
<msg time="2024-06-26T22:42:08.912717" level="INFO">Verifying element 'css=h2' contains exact text 'Your flight from TLV to SFO has been reserved.'.</msg>
<arg>${mensagem_terceira_pagina}</arg>
<arg>Your flight from TLV to SFO has been reserved.</arg>
<doc>Verifies that element ``locator`` contains exact the text ``expected``.</doc>
<status status="PASS" start="2024-06-26T22:42:08.912210" elapsed="0.031990"/>
</kw>
<kw name="Tirar Screenshot" owner="base_page">
<kw name="Capture Page Screenshot" owner="SeleniumLibrary">
<msg time="2024-06-26T22:42:09.204547" level="INFO" html="true">&lt;/td&gt;&lt;/tr&gt;&lt;tr&gt;&lt;td colspan="3"&gt;&lt;a href="screenshots/blazedemo/2024.06.26_22.42.03/TC005/4-Cadastro%20vazio.jpg"&gt;&lt;img src="screenshots/blazedemo/2024.06.26_22.42.03/TC005/4-Cadastro%20vazio.jpg" width="800px"&gt;&lt;/a&gt;</msg>
<arg>screenshots/blazedemo/${date}/${TEST_NAME}/${screenshot_name}.jpg</arg>
<doc>Takes a screenshot of the current page and embeds it into a log file.</doc>
<status status="PASS" start="2024-06-26T22:42:08.945081" elapsed="0.259730"/>
</kw>
<arg>4-Cadastro vazio</arg>
<status status="PASS" start="2024-06-26T22:42:08.944524" elapsed="0.260445"/>
</kw>
<kw name="Preencher campo Name" owner="preencher_cadastro_page">
<kw name="Input Text" owner="SeleniumLibrary">
<msg time="2024-06-26T22:42:09.205886" level="INFO">Typing text 'Lia Murakami' into text field 'id=inputName'.</msg>
<arg>${txt_name}</arg>
<arg>${name}</arg>
<doc>Types the given ``text`` into the text field identified by ``locator``.</doc>
<status status="PASS" start="2024-06-26T22:42:09.205577" elapsed="0.189569"/>
</kw>
<arg>Lia Murakami</arg>
<status status="PASS" start="2024-06-26T22:42:09.205201" elapsed="0.190176"/>
</kw>
<kw name="Preencher campo Adress" owner="preencher_cadastro_page">
<kw name="Input Text" owner="SeleniumLibrary">
<msg time="2024-06-26T22:42:09.396333" level="INFO">Typing text 'Bergenstrasse, 763' into text field 'id=address'.</msg>
<arg>${txt_adress}</arg>
<arg>${adress}</arg>
<doc>Types the given ``text`` into the text field identified by ``locator``.</doc>
<status status="PASS" start="2024-06-26T22:42:09.396022" elapsed="0.125446"/>
</kw>
<arg>Bergenstrasse, 763</arg>
<status status="PASS" start="2024-06-26T22:42:09.395630" elapsed="0.126334"/>
</kw>
<kw name="Preencher campo City" owner="preencher_cadastro_page">
<kw name="Input Text" owner="SeleniumLibrary">
<msg time="2024-06-26T22:42:09.524857" level="INFO">Typing text 'Chiensee' into text field 'id=city'.</msg>
<arg>${txt_city}</arg>
<arg>${city}</arg>
<doc>Types the given ``text`` into the text field identified by ``locator``.</doc>
<status status="PASS" start="2024-06-26T22:42:09.523054" elapsed="0.227342"/>
</kw>
<arg>Chiensee</arg>
<status status="PASS" start="2024-06-26T22:42:09.522360" elapsed="0.228364"/>
</kw>
<kw name="Preencher campo State" owner="preencher_cadastro_page">
<kw name="Input Text" owner="SeleniumLibrary">
<msg time="2024-06-26T22:42:09.752231" level="INFO">Typing text 'Bayern' into text field 'id=state'.</msg>
<arg>${txt_state}</arg>
<arg>${state}</arg>
<doc>Types the given ``text`` into the text field identified by ``locator``.</doc>
<status status="PASS" start="2024-06-26T22:42:09.751899" elapsed="0.132270"/>
</kw>
<arg>Bayern</arg>
<status status="PASS" start="2024-06-26T22:42:09.751465" elapsed="0.133421"/>
</kw>
<kw name="Preencher campo Zip Code" owner="preencher_cadastro_page">
<kw name="Input Text" owner="SeleniumLibrary">
<msg time="2024-06-26T22:42:09.886072" level="INFO">Typing text '80964' into text field 'id=zipCode'.</msg>
<arg>${txt_zip_code}</arg>
<arg>${zip_code}</arg>
<doc>Types the given ``text`` into the text field identified by ``locator``.</doc>
<status status="PASS" start="2024-06-26T22:42:09.885730" elapsed="0.104643"/>
</kw>
<arg>80964</arg>
<status status="PASS" start="2024-06-26T22:42:09.885245" elapsed="0.105346"/>
</kw>
<kw name="Preencher Credit Card Number" owner="preencher_cadastro_page">
<kw name="Input Text" owner="SeleniumLibrary">
<msg time="2024-06-26T22:42:09.991521" level="INFO">Typing text '9886543322222' into text field 'id=creditCardNumber'.</msg>
<arg>${txt_credit_card_number}</arg>
<arg>${card_number}</arg>
<doc>Types the given ``text`` into the text field identified by ``locator``.</doc>
<status status="PASS" start="2024-06-26T22:42:09.991219" elapsed="0.108802"/>
</kw>
<arg>9886543322222</arg>
<status status="PASS" start="2024-06-26T22:42:09.990830" elapsed="0.109429"/>
</kw>
<kw name="Preencher campo Month" owner="preencher_cadastro_page">
<kw name="Input Text" owner="SeleniumLibrary">
<msg time="2024-06-26T22:42:10.101613" level="INFO">Typing text '05' into text field 'id=creditCardMonth'.</msg>
<arg>${txt_month}</arg>
<arg>${month}</arg>
<doc>Types the given ``text`` into the text field identified by ``locator``.</doc>
<status status="PASS" start="2024-06-26T22:42:10.101307" elapsed="0.088828"/>
</kw>
<arg>05</arg>
<status status="PASS" start="2024-06-26T22:42:10.100901" elapsed="0.089547"/>
</kw>
<kw name="Preencher campo Year" owner="preencher_cadastro_page">
<kw name="Input Text" owner="SeleniumLibrary">
<msg time="2024-06-26T22:42:10.191518" level="INFO">Typing text '26' into text field 'id=creditCardYear'.</msg>
<arg>${txt_year}</arg>
<arg>${year}</arg>
<doc>Types the given ``text`` into the text field identified by ``locator``.</doc>
<status status="PASS" start="2024-06-26T22:42:10.191218" elapsed="0.083265"/>
</kw>
<arg>26</arg>
<status status="PASS" start="2024-06-26T22:42:10.190818" elapsed="0.083926"/>
</kw>
<kw name="Preencher campo Name on Card" owner="preencher_cadastro_page">
<kw name="Input Text" owner="SeleniumLibrary">
<msg time="2024-06-26T22:42:10.275884" level="INFO">Typing text 'Lia M.' into text field 'id=nameOnCard'.</msg>
<arg>${txt_name_on_card}</arg>
<arg>${name_on_card}</arg>
<doc>Types the given ``text`` into the text field identified by ``locator``.</doc>
<status status="PASS" start="2024-06-26T22:42:10.275547" elapsed="0.084899"/>
</kw>
<arg>Lia M.</arg>
<status status="PASS" start="2024-06-26T22:42:10.275015" elapsed="0.085672"/>
</kw>
<kw name="Clicar em Remember me" owner="preencher_cadastro_page">
<kw name="Click Button" owner="SeleniumLibrary">
<msg time="2024-06-26T22:42:10.361595" level="INFO">Clicking button 'id=rememberMe'.</msg>
<arg>${btn_remember_me}</arg>
<doc>Clicks the button identified by ``locator``.</doc>
<status status="PASS" start="2024-06-26T22:42:10.361320" elapsed="0.062686"/>
</kw>
<status status="PASS" start="2024-06-26T22:42:10.360971" elapsed="0.063302"/>
</kw>
<kw name="Tirar Screenshot" owner="base_page">
<kw name="Capture Page Screenshot" owner="SeleniumLibrary">
<msg time="2024-06-26T22:42:10.690403" level="INFO" html="true">&lt;/td&gt;&lt;/tr&gt;&lt;tr&gt;&lt;td colspan="3"&gt;&lt;a href="screenshots/blazedemo/2024.06.26_22.42.03/TC005/5-Cadastro%20preenchido.jpg"&gt;&lt;img src="screenshots/blazedemo/2024.06.26_22.42.03/TC005/5-Cadastro%20preenchido.jpg" width="800px"&gt;&lt;/a&gt;</msg>
<arg>screenshots/blazedemo/${date}/${TEST_NAME}/${screenshot_name}.jpg</arg>
<doc>Takes a screenshot of the current page and embeds it into a log file.</doc>
<status status="PASS" start="2024-06-26T22:42:10.424908" elapsed="0.266150"/>
</kw>
<arg>5-Cadastro preenchido</arg>
<status status="PASS" start="2024-06-26T22:42:10.424514" elapsed="0.266839"/>
</kw>
<kw name="Clicar no botao &quot;Purchase Flight&quot;" owner="preencher_cadastro_page">
<kw name="Click Button" owner="SeleniumLibrary">
<msg time="2024-06-26T22:42:10.692491" level="INFO">Clicking button 'css=div.container:nth-child(2) form:nth-child(9) div.control-group:nth-child(12) div.controls &gt; input.btn.btn-primary'.</msg>
<arg>${btn_purchase_flight}</arg>
<doc>Clicks the button identified by ``locator``.</doc>
<status status="PASS" start="2024-06-26T22:42:10.692137" elapsed="0.692915"/>
</kw>
<status status="PASS" start="2024-06-26T22:42:10.691648" elapsed="0.693672"/>
</kw>
<kw name="Element Text Should Be" owner="SeleniumLibrary">
<msg time="2024-06-26T22:42:11.386138" level="INFO">Verifying element 'css=h1' contains exact text 'Thank you for your purchase today!'.</msg>
<arg>${mensagem_quarta_pagina}</arg>
<arg>Thank you for your purchase today!</arg>
<doc>Verifies that element ``locator`` contains exact the text ``expected``.</doc>
<status status="PASS" start="2024-06-26T22:42:11.385674" elapsed="0.043936"/>
</kw>
<kw name="Tirar Screenshot" owner="base_page">
<kw name="Capture Page Screenshot" owner="SeleniumLibrary">
<msg time="2024-06-26T22:42:11.687689" level="INFO" html="true">&lt;/td&gt;&lt;/tr&gt;&lt;tr&gt;&lt;td colspan="3"&gt;&lt;a href="screenshots/blazedemo/2024.06.26_22.42.03/TC005/6-P%C3%A1gina%20final.jpg"&gt;&lt;img src="screenshots/blazedemo/2024.06.26_22.42.03/TC005/6-P%C3%A1gina%20final.jpg" width="800px"&gt;&lt;/a&gt;</msg>
<arg>screenshots/blazedemo/${date}/${TEST_NAME}/${screenshot_name}.jpg</arg>
<doc>Takes a screenshot of the current page and embeds it into a log file.</doc>
<status status="PASS" start="2024-06-26T22:42:11.430356" elapsed="0.257753"/>
</kw>
<arg>6-Página final</arg>
<status status="PASS" start="2024-06-26T22:42:11.429939" elapsed="0.258426"/>
</kw>
<arg>Portland</arg>
<arg>Cairo</arg>
<status status="PASS" start="2024-06-26T22:42:06.844821" elapsed="4.843689"/>
</kw>
<kw name="Fechar navegador" owner="base_page" type="TEARDOWN">
<kw name="Sleep" owner="BuiltIn">
<msg time="2024-06-26T22:42:12.190806" level="INFO">Slept 500 milliseconds.</msg>
<arg>500ms</arg>
<doc>Pauses the test executed for the given time.</doc>
<status status="PASS" start="2024-06-26T22:42:11.689876" elapsed="0.501550"/>
</kw>
<kw name="Close Browser" owner="SeleniumLibrary">
<doc>Closes the current browser.</doc>
<status status="PASS" start="2024-06-26T22:42:12.192021" elapsed="0.180704"/>
</kw>
<status status="PASS" start="2024-06-26T22:42:11.689438" elapsed="0.683690"/>
</kw>
<status status="PASS" start="2024-06-26T22:42:03.099254" elapsed="9.274553"/>
</test>
<status status="PASS" start="2024-06-26T22:42:03.091216" elapsed="9.283858"/>
</suite>
<status status="PASS" start="2024-06-26T22:42:02.900335" elapsed="9.476344"/>
</suite>
<statistics>
<total>
<stat pass="1" fail="0" skip="0">All Tests</stat>
</total>
<tag>
</tag>
<suite>
<stat pass="1" fail="0" skip="0" id="s1" name="Po">Po</stat>
<stat pass="1" fail="0" skip="0" id="s1-s1" name="Fluxo Compras Po Ddt">Po.Fluxo Compras Po Ddt</stat>
</suite>
</statistics>
<errors>
</errors>
</robot>
