<?xml version="1.0" encoding="UTF-8"?>
<robot generator="Robot 7.0 (Python 3.12.2 on darwin)" generated="2024-06-04T16:42:40.779230" rpa="false" schemaversion="5">
<suite id="s1" name="Selecionar Produto" source="/Users/helena_czekster/Desktop/QA/Iterasys/RobotSauceDemo140/tests/web/selecionar_produto.robot">
<test id="s1-t1" name="Selecionar Sauce Labs Backpack" line="13">
<kw name="Dado que acesso o site SauceDemo">
<kw name="Open Browser" owner="SeleniumLibrary">
<msg time="2024-06-04T16:42:41.204944" level="INFO">Opening browser 'Chrome' to base url 'https://www.saucedemo.com/'.</msg>
<arg>url=${url}</arg>
<arg>browser=${browser}</arg>
<doc>Opens a new browser instance to the optional ``url``.</doc>
<status status="PASS" start="2024-06-04T16:42:41.204631" elapsed="2.184742"/>
</kw>
<kw name="Maximize Browser Window" owner="SeleniumLibrary">
<doc>Maximizes current browser window.</doc>
<status status="PASS" start="2024-06-04T16:42:43.389903" elapsed="0.329828"/>
</kw>
<kw name="Set Browser Implicit Wait" owner="SeleniumLibrary">
<arg>10000ms</arg>
<doc>Sets the implicit wait value used by Selenium.</doc>
<status status="PASS" start="2024-06-04T16:42:43.719988" elapsed="0.001758"/>
</kw>
<kw name="Wait Until Element Is Visible" owner="SeleniumLibrary">
<arg>css=.login_logo</arg>
<arg>5000ms</arg>
<doc>Waits until the element ``locator`` is visible.</doc>
<status status="PASS" start="2024-06-04T16:42:43.722054" elapsed="0.032783"/>
</kw>
<status status="PASS" start="2024-06-04T16:42:41.203876" elapsed="2.553036"/>
</kw>
<kw name="Quando preencho o campo usuario">
<kw name="Input Text" owner="SeleniumLibrary">
<msg time="2024-06-04T16:42:43.760173" level="INFO">Typing text 'standard_user' into text field 'css=[data-test="username"]'.</msg>
<arg>css=[data-test="username"]</arg>
<arg>${username}</arg>
<doc>Types the given ``text`` into the text field identified by ``locator``.</doc>
<status status="PASS" start="2024-06-04T16:42:43.759749" elapsed="0.277946"/>
</kw>
<arg>standard_user</arg>
<status status="PASS" start="2024-06-04T16:42:43.758790" elapsed="0.279040"/>
</kw>
<kw name="E preencho o campo senha">
<kw name="Input Password" owner="SeleniumLibrary">
<msg time="2024-06-04T16:42:44.039132" level="INFO">Typing password into text field 'css=[data-test="password"]'.</msg>
<msg time="2024-06-04T16:42:44.075845" level="INFO">Temporally setting log level to: NONE</msg>
<arg>css=[data-test="password"]</arg>
<arg>${password}</arg>
<doc>Types the given password into the text field identified by ``locator``.</doc>
<status status="PASS" start="2024-06-04T16:42:44.038816" elapsed="0.103564"/>
</kw>
<arg>secret_sauce</arg>
<status status="PASS" start="2024-06-04T16:42:44.038135" elapsed="0.104429"/>
</kw>
<kw name="E clico no botao Login">
<kw name="Click Button" owner="SeleniumLibrary">
<msg time="2024-06-04T16:42:44.143295" level="INFO">Clicking button 'id=login-button'.</msg>
<arg>id=login-button</arg>
<doc>Clicks the button identified by ``locator``.</doc>
<status status="PASS" start="2024-06-04T16:42:44.143118" elapsed="0.158112"/>
</kw>
<status status="PASS" start="2024-06-04T16:42:44.142833" elapsed="0.158520"/>
</kw>
<kw name="Entao sou direcionado para a pagina de produtos">
<kw name="Element Text Should Be" owner="SeleniumLibrary">
<msg time="2024-06-04T16:42:44.302434" level="INFO">Verifying element 'css=span.title' contains exact text 'Products'.</msg>
<arg>css=span.title</arg>
<arg>Products</arg>
<doc>Verifies that element ``locator`` contains exact the text ``expected``.</doc>
<status status="PASS" start="2024-06-04T16:42:44.302140" elapsed="0.036314"/>
</kw>
<status status="PASS" start="2024-06-04T16:42:44.301681" elapsed="0.036895"/>
</kw>
<kw name="Quando clico no produto">
<kw name="Set Test Variable" owner="BuiltIn">
<msg time="2024-06-04T16:42:44.340353" level="INFO">${test_product_name} = Sauce Labs Backpack</msg>
<arg>${test_product_name}</arg>
<arg>${product_name}</arg>
<doc>Makes a variable available everywhere within the scope of the current test.</doc>
<status status="PASS" start="2024-06-04T16:42:44.339306" elapsed="0.001125"/>
</kw>
<kw name="Set Test Variable" owner="BuiltIn">
<msg time="2024-06-04T16:42:44.341719" level="INFO">${test_product_price} = $29.99</msg>
<arg>${test_product_price}</arg>
<arg>${product_price}</arg>
<doc>Makes a variable available everywhere within the scope of the current test.</doc>
<status status="PASS" start="2024-06-04T16:42:44.340631" elapsed="0.001164"/>
</kw>
<kw name="Click Element" owner="SeleniumLibrary">
<msg time="2024-06-04T16:42:44.342318" level="INFO">Clicking element 'css=img[alt="Sauce Labs Backpack"]'.</msg>
<arg>css=img[alt="${test_product_name}"]</arg>
<doc>Click the element identified by ``locator``.</doc>
<status status="PASS" start="2024-06-04T16:42:44.341989" elapsed="0.069260"/>
</kw>
<arg>Sauce Labs Backpack</arg>
<arg>$29.99</arg>
<status status="PASS" start="2024-06-04T16:42:44.338950" elapsed="0.072469"/>
</kw>
<kw name="Entao sou direcionado para a pagina do produto">
<kw name="Element Text Should Be" owner="SeleniumLibrary">
<msg time="2024-06-04T16:42:44.412999" level="INFO">Verifying element 'name=back-to-products' contains exact text 'Back to products'.</msg>
<arg>name=back-to-products</arg>
<arg>Back to products</arg>
<doc>Verifies that element ``locator`` contains exact the text ``expected``.</doc>
<status status="PASS" start="2024-06-04T16:42:44.412594" elapsed="0.020515"/>
</kw>
<kw name="Element Text Should Be" owner="SeleniumLibrary">
<msg time="2024-06-04T16:42:44.433549" level="INFO">Verifying element 'css=div.inventory_details_name.large_size' contains exact text 'Sauce Labs Backpack'.</msg>
<arg>css=div.inventory_details_name.large_size</arg>
<arg>${test_product_name}</arg>
<doc>Verifies that element ``locator`` contains exact the text ``expected``.</doc>
<status status="PASS" start="2024-06-04T16:42:44.433297" elapsed="0.019307"/>
</kw>
<kw name="Element Text Should Be" owner="SeleniumLibrary">
<msg time="2024-06-04T16:42:44.453020" level="INFO">Verifying element 'css=div.inventory_details_price' contains exact text '$29.99'.</msg>
<arg>css=div.inventory_details_price</arg>
<arg>${test_product_price}</arg>
<doc>Verifies that element ``locator`` contains exact the text ``expected``.</doc>
<status status="PASS" start="2024-06-04T16:42:44.452781" elapsed="0.017642"/>
</kw>
<status status="PASS" start="2024-06-04T16:42:44.411817" elapsed="0.058757"/>
</kw>
<kw name="Quando clico em adicionar no carrinho">
<kw name="Click Element" owner="SeleniumLibrary">
<msg time="2024-06-04T16:42:44.471511" level="INFO">Clicking element 'css=button.btn.btn_primary.btn_small.btn_inventory'.</msg>
<arg>css=button.btn.btn_primary.btn_small.btn_inventory</arg>
<doc>Click the element identified by ``locator``.</doc>
<status status="PASS" start="2024-06-04T16:42:44.471258" elapsed="0.039274"/>
</kw>
<status status="PASS" start="2024-06-04T16:42:44.470842" elapsed="0.039802"/>
</kw>
<kw name="Entao visualizo o numero de itens no carrinho">
<kw name="Set Test Variable" owner="BuiltIn">
<msg time="2024-06-04T16:42:44.512173" level="INFO">${test_cart_items} = 1</msg>
<arg>${test_cart_items}</arg>
<arg>${cart_items}</arg>
<doc>Makes a variable available everywhere within the scope of the current test.</doc>
<status status="PASS" start="2024-06-04T16:42:44.511250" elapsed="0.001062"/>
</kw>
<kw name="Element Text Should Be" owner="SeleniumLibrary">
<msg time="2024-06-04T16:42:44.513116" level="INFO">Verifying element 'css=span.shopping_cart_badge' contains exact text '1'.</msg>
<arg>css=span.shopping_cart_badge</arg>
<arg>${test_cart_items}</arg>
<doc>Verifies that element ``locator`` contains exact the text ``expected``.</doc>
<status status="PASS" start="2024-06-04T16:42:44.512633" elapsed="0.027581"/>
</kw>
<arg>1</arg>
<status status="PASS" start="2024-06-04T16:42:44.510903" elapsed="0.029431"/>
</kw>
<kw name="Quando clico no icone do carrinho">
<kw name="Click Link" owner="SeleniumLibrary">
<msg time="2024-06-04T16:42:44.541354" level="INFO">Clicking link '1'.</msg>
<arg>${test_cart_items}</arg>
<doc>Clicks a link identified by ``locator``.</doc>
<status status="PASS" start="2024-06-04T16:42:44.541035" elapsed="0.061771"/>
</kw>
<status status="PASS" start="2024-06-04T16:42:44.540737" elapsed="0.063150"/>
</kw>
<kw name="Entao sou direcionado para a pagina do carrinho">
<kw name="Wait Until Element Contains" owner="SeleniumLibrary">
<arg>css=.title</arg>
<arg>Your Cart</arg>
<doc>Waits until the element ``locator`` contains ``text``.</doc>
<status status="PASS" start="2024-06-04T16:42:44.604741" elapsed="0.023367"/>
</kw>
<kw name="Element Text Should Be" owner="SeleniumLibrary">
<msg time="2024-06-04T16:42:44.628526" level="INFO">Verifying element 'css=div.inventory_item_name' contains exact text 'Sauce Labs Backpack'.</msg>
<arg>css=div.inventory_item_name</arg>
<arg>${test_product_name}</arg>
<doc>Verifies that element ``locator`` contains exact the text ``expected``.</doc>
<status status="PASS" start="2024-06-04T16:42:44.628283" elapsed="0.015779"/>
</kw>
<kw name="Element Text Should Be" owner="SeleniumLibrary">
<msg time="2024-06-04T16:42:44.644442" level="INFO">Verifying element 'css=div.inventory_item_price' contains exact text '$29.99'.</msg>
<arg>css=div.inventory_item_price</arg>
<arg>${test_product_price}</arg>
<doc>Verifies that element ``locator`` contains exact the text ``expected``.</doc>
<status status="PASS" start="2024-06-04T16:42:44.644221" elapsed="0.015585"/>
</kw>
<kw name="Element Text Should Be" owner="SeleniumLibrary">
<msg time="2024-06-04T16:42:44.660186" level="INFO">Verifying element 'css=div.cart_quantity' contains exact text '1'.</msg>
<arg>css=div.cart_quantity</arg>
<arg>${test_cart_items}</arg>
<doc>Verifies that element ``locator`` contains exact the text ``expected``.</doc>
<status status="PASS" start="2024-06-04T16:42:44.659965" elapsed="0.014996"/>
</kw>
<status status="PASS" start="2024-06-04T16:42:44.604283" elapsed="0.070783"/>
</kw>
<kw name="Quando clico no menu burguer">
<kw name="Click Element" owner="SeleniumLibrary">
<msg time="2024-06-04T16:42:44.675798" level="INFO">Clicking element 'id=react-burguer-menu-btn'.</msg>
<msg time="2024-06-04T16:42:54.936690" level="INFO" html="true">&lt;/td&gt;&lt;/tr&gt;&lt;tr&gt;&lt;td colspan="3"&gt;&lt;a href="selenium-screenshot-3.png"&gt;&lt;img src="selenium-screenshot-3.png" width="800px"&gt;&lt;/a&gt;</msg>
<msg time="2024-06-04T16:42:54.936885" level="FAIL">Element with locator 'id=react-burguer-menu-btn' not found.</msg>
<arg>id=react-burguer-menu-btn</arg>
<doc>Click the element identified by ``locator``.</doc>
<status status="FAIL" start="2024-06-04T16:42:44.675642" elapsed="10.272009">Element with locator 'id=react-burguer-menu-btn' not found.</status>
</kw>
<status status="FAIL" start="2024-06-04T16:42:44.675354" elapsed="10.272777">Element with locator 'id=react-burguer-menu-btn' not found.</status>
</kw>
<kw name="E clico em Logout">
<status status="NOT RUN" start="2024-06-04T16:42:54.948502" elapsed="0.000057"/>
</kw>
<kw name="Entao sou direcionado para a pagina de Login">
<status status="NOT RUN" start="2024-06-04T16:42:54.949131" elapsed="0.000104"/>
</kw>
<kw name="Close Browser" owner="SeleniumLibrary" type="TEARDOWN">
<doc>Closes the current browser.</doc>
<status status="PASS" start="2024-06-04T16:42:54.950144" elapsed="0.159359"/>
</kw>
<status status="FAIL" start="2024-06-04T16:42:41.203250" elapsed="13.906497">Element with locator 'id=react-burguer-menu-btn' not found.</status>
</test>
<status status="FAIL" start="2024-06-04T16:42:40.782106" elapsed="14.328661"/>
</suite>
<statistics>
<total>
<stat pass="0" fail="1" skip="0">All Tests</stat>
</total>
<tag>
</tag>
<suite>
<stat pass="0" fail="1" skip="0" id="s1" name="Selecionar Produto">Selecionar Produto</stat>
</suite>
</statistics>
<errors>
</errors>
</robot>
